搜索到57个文件(含目录)，耗时：2ms

write pages.json success!
write manifest.json success!
write main.js success!
write package.json success!


统计信息：

Component数量: 0
Page数量: 6
支付api数量: 0
登录api数量: 1
chooseMedia数量: 0
getLocation数量: 0
getRelationNodes数量: 0
<ad/>数量: 0
<map/>数量: 0
<video/>数量: 0

恭喜你，转换完成！
用时: 1.894s
工具版本：v2.1.2
在该小程序项目的同级目录可以看到_uni结尾的项目，即是转换好的uniapp项目，相关日志在该目录里。

使用说明：
    1.因各种原因，本工具并非100%完美转换！部分语法仍需人工处理！
    2.如遇运行报错，请添加QQ群(四群：555691239)带图反馈或https://github.com/zhangdaren/miniprogram-to-uniapp提交Issue！
    3.更多信息请查阅转换后目录里的 README.md 和 transform.log


folder E:/接单/二手_uni
hbxExecutableProgram  C:\Hubilder\HBuilderX.3.3.5.20211229.full\HBuilderX\HBuilderX.exe
mSimResult is --unable to connect to 127.0.0.1:26944:26944

getMobileList--List of devices attached 


stdout: 
stderr: 
buffer sync supports: []
buffer sync supports: []
diagnostics.$changeMany
buffer sync supports: []
cancel last request:0
cancel last request:0
cancel last request:0
cancel last request:0
cancel last request:0
cancel last request:0
cancel last request:0
cancel last request:0
cancel last request:0
diagnostics.$changeMany
diagnostics.$changeMany
diagnostics.$clear
